<?xml version="1.0" encoding="UTF-8"?>
<testsuite name="IteratorTest" tests="1" skipped="0" failures="0" errors="0" timestamp="2022-05-28T09:25:10" hostname="GFI05277.local" time="0.041">
  <properties/>
  <testcase name="checkNextTest()" classname="IteratorTest" time="0.041"/>
  <system-out><![CDATA[]]></system-out>
  <system-err><![CDATA[]]></system-err>
</testsuite>
