<?xml version="1.0" encoding="UTF-8"?>
<testsuite name="FacadeTest" tests="8" skipped="0" failures="0" errors="0" timestamp="2022-05-28T09:42:49" hostname="GFI05277.local" time="0.044">
  <properties/>
  <testcase name="checkoutNotAvailableTest()" classname="FacadeTest" time="0.031"/>
  <testcase name="zeroPayTest()" classname="FacadeTest" time="0.001"/>
  <testcase name="deliverTest()" classname="FacadeTest" time="0.001"/>
  <testcase name="payTest()" classname="FacadeTest" time="0.001"/>
  <testcase name="wrongAddedItemTest()" classname="FacadeTest" time="0.001"/>
  <testcase name="addItemTest()" classname="FacadeTest" time="0.001"/>
  <testcase name="itemNoNameTest()" classname="FacadeTest" time="0.001"/>
  <testcase name="checkoutTest()" classname="FacadeTest" time="0.001"/>
  <system-out><![CDATA[]]></system-out>
  <system-err><![CDATA[]]></system-err>
</testsuite>
